2025-05-01 20:56:31,820 - project_apps.notifications.tasks - ERROR - endrim kodu gonderilmedi xeta:Cannot resolve keyword 'is_delete' into field. Choices are: admin_codes, bonus_points, bonus_transactions, created_at, date_joined, deleted_at, discount_codes, email, first_name, groups, id, is_active, is_deleted, is_staff, is_superuser, last_login, last_name, logentry, notifications, orders, password, phone_number, profile, role, staff, updated_at, user_permissions, username
2025-05-01 23:04:59,969 - project_apps.notifications.tasks - INFO - endirim kodu gonderildi:musfiq.emirov5@gmail.com,kod:080a055a-c5d4-4bd9-95a9-166698a27954
2025-05-01 23:05:00,232 - project_apps.notifications.tasks - INFO - Admin kodu maile gonderildi: superadmin@example.com, kod: 1a6dcc37-c5de-4545-a312-d5579a6701b4
2025-05-01 23:13:04,156 - project_apps.notifications.tasks - INFO - endirim kodu gonderildi:ebilebilli3@gmail.com,kod:02734dda-a915-4a84-bb59-61267d688d9e
2025-05-01 23:15:21,567 - project_apps.notifications.tasks - INFO - endirim kodu gonderildi:musfiq.emirov5@gmail.com,kod:50cb252d-a234-4422-ba00-1767e186bd40
2025-05-01 23:38:32,900 - project_apps.notifications.tasks - INFO - Admin kodu maile gonderildi: musfiq.emirov5@gmail.com, kod: e433633d-9ae5-40fc-a69c-444a89aaab9a
2025-05-01 23:49:12,266 - project_apps.notifications.tasks - INFO - endirim kodu gonderildi:musfiwkjb@gmail.com,kod:a92f4117-5780-403b-afe5-a3f3c7579b7d
2025-05-01 23:51:32,958 - project_apps.notifications.tasks - INFO - Admin kodu maile gonderildi: musfiq.emirov5@gmail.com, kod: 22708134-f2b6-4ff5-8a7d-a7e96bbeb84a
2025-05-01 23:59:38,132 - project_apps.notifications.tasks - INFO - Admin kodu maile gonderildi: musfiq.emirov5@gmail.com, kod: ca1e8776-847b-4dd9-b9c4-ff68a43daafc
2025-05-02 00:17:03,948 - project_apps.notifications.tasks - INFO - endirim kodu gonderildi:musfiq.emirov5@gmail.com,kod:7d7d0cd3-5ad7-4ccc-b435-6e8dde2ed2e8
2025-05-02 00:18:50,008 - project_apps.notifications.tasks - INFO - Admin kodu maile gonderildi: musfiq.emirov5@gmail.com, kod: 40e42211-6dd1-4cbe-b12c-051cfc5b1a27
2025-05-02 00:54:10,807 - project_apps.notifications.tasks - INFO - Admin kodu maile gonderildi: musfiq.emirov5@gmail.com, kod: 8b530d56-8f90-4447-b956-c8eec6a07e8b
2025-05-02 01:49:20,197 - project_apps.notifications.tasks - INFO - endirim kodu gonderildi:musfiq.emirov5@gmail.com,kod:27eafcba-f7d0-4c13-a516-db91d9e05522
2025-05-02 01:51:05,344 - project_apps.notifications.tasks - INFO - Admin kodu maile gonderildi: musfiq.emirov5@gmail.com, kod: f78d1054-f7c8-445e-811a-c06e4c8cd1ef
2025-05-03 00:56:01,230 - project_apps.notifications.tasks - INFO - Kofe bonusu gonderildi: musfiq.emirov5@gmail.com, xercler: 55.00 AZN, xal: 5
2025-05-03 00:56:03,119 - project_apps.notifications.tasks - ERROR - kofe bonusu gonderilmedi xeta:[Errno -3] Temporary failure in name resolution
2025-05-03 01:02:04,978 - project_apps.notifications.tasks - ERROR - endrim kodu gonderilmedi xeta:[Errno -3] Temporary failure in name resolution
2025-05-03 01:06:03,094 - project_apps.notifications.tasks - ERROR - admin kodu gonderilemde xeta bas verdi.xeta:[Errno -3] Temporary failure in name resolution
2025-05-03 01:06:03,097 - project_apps.notifications.tasks - ERROR - User ID: 16, Admin Code ID: 3
2025-05-03 01:12:22,948 - project_apps.notifications.tasks - ERROR - endrim kodu gonderilmedi xeta:[Errno -3] Temporary failure in name resolution
2025-05-03 01:16:07,857 - project_apps.notifications.tasks - ERROR - endrim kodu gonderilmedi xeta:[Errno -3] Temporary failure in name resolution
2025-05-03 01:59:40,219 - project_apps.notifications.tasks - ERROR - endrim kodu gonderilmedi xeta:name 'DiscountCode' is not defined
2025-05-03 02:03:38,278 - project_apps.notifications.tasks - ERROR - endrim kodu gonderilmedi xeta:name 'DiscountCode' is not defined
2025-05-03 02:07:06,692 - project_apps.notifications.tasks - ERROR - admin kodu gonderilemde xeta bas verdi.xeta:name 'AdminCode' is not defined
2025-05-03 02:07:06,696 - project_apps.notifications.tasks - ERROR - User ID: 21, Admin Code ID: 4
2025-05-03 02:15:59,248 - project_apps.notifications.tasks - ERROR - endrim kodu gonderilmedi xeta:name 'DiscountCode' is not defined
2025-05-03 02:58:03,556 - project_apps.notifications.tasks - ERROR - endrim kodu gonderilmedi xeta:[Errno -3] Temporary failure in name resolution
2025-05-03 02:59:21,577 - project_apps.notifications.tasks - ERROR - admin kodu gonderilemde xeta bas verdi.xeta:name 'AdminCode' is not defined
2025-05-03 02:59:21,577 - project_apps.notifications.tasks - ERROR - User ID: 24, Admin Code ID: 5
2025-05-03 03:01:00,033 - project_apps.notifications.tasks - ERROR - Xal yoxlanisi zamani xeta:get() returned more than one BonusPoints -- it returned 2!
2025-05-03 03:02:00,042 - project_apps.notifications.tasks - ERROR - Xal yoxlanisi zamani xeta:get() returned more than one BonusPoints -- it returned 2!
2025-05-03 03:03:00,043 - project_apps.notifications.tasks - ERROR - Xal yoxlanisi zamani xeta:get() returned more than one BonusPoints -- it returned 2!
2025-05-03 03:04:00,046 - project_apps.notifications.tasks - ERROR - Xal yoxlanisi zamani xeta:get() returned more than one BonusPoints -- it returned 2!
2025-05-03 03:05:00,048 - project_apps.notifications.tasks - ERROR - Xal yoxlanisi zamani xeta:get() returned more than one BonusPoints -- it returned 2!
2025-05-03 05:41:04,129 - project_apps.notifications.tasks - ERROR - Xal yoxlanisi zamani xeta:get() returned more than one BonusPoints -- it returned 2!
2025-05-03 18:12:13,402 - project_apps.notifications.tasks - ERROR - Xal yoxlanisi zamani xeta:get() returned more than one BonusPoints -- it returned 2!
2025-05-03 18:13:42,502 - project_apps.notifications.tasks - ERROR - Xal yoxlanisi zamani xeta:get() returned more than one BonusPoints -- it returned 2!
2025-05-03 18:14:12,977 - project_apps.notifications.tasks - ERROR - Xal yoxlanisi zamani xeta:get() returned more than one BonusPoints -- it returned 2!
2025-05-03 18:15:00,112 - project_apps.notifications.tasks - ERROR - Xal yoxlanisi zamani xeta:get() returned more than one BonusPoints -- it returned 2!
2025-05-03 18:16:00,411 - project_apps.notifications.tasks - INFO - Kofe bonusu gonderildi: admikdb@gmail.com, xercleme: 35468.00 AZN, xal: 3546
2025-05-03 18:16:03,083 - project_apps.notifications.tasks - ERROR - kofe bonusu gonderilmedi xeta:[Errno -3] Temporary failure in name resolution
2025-05-03 18:27:18,763 - project_apps.notifications.tasks - ERROR - endrim kodu gonderilmedi xeta:[Errno -3] Temporary failure in name resolution
2025-05-03 18:29:18,364 - project_apps.notifications.tasks - ERROR - kofe bonusu gonderilmedi xeta:[Errno -3] Temporary failure in name resolution
2025-05-03 20:02:32,535 - project_apps.notifications.tasks - INFO - endirim kodu gonderildi:musfiq.emirov5@gmail.com,kod:b4a302b6-1b31-4beb-acb5-bc3360088f5d
2025-05-03 20:05:10,674 - project_apps.notifications.tasks - INFO - Admin kodu maile gonderildi: musfiq.emirov5@gmail.com, kod: 1d28b0f1-196b-40e9-aae8-3101007ebc78
2025-05-03 20:09:24,520 - project_apps.notifications.tasks - INFO - Kofe bonusu gonderildi: musfiq.emirov5@gmail.com, xercleme: 679.00 AZN, xal: 67
2025-05-03 20:09:25,533 - project_apps.notifications.tasks - INFO - Kofe bonusu maila gonderildi: musfiq.emirov5@gmail.com
2025-05-03 20:52:28,646 - project_apps.notifications.tasks - INFO - Kofe bonusu gonderildi: musfiq.emirov5@gmail.com, xercleme: 824.00 AZN, xal: 82
2025-05-03 20:52:35,263 - project_apps.notifications.tasks - INFO - Kofe bonusu maila gonderildi: musfiq.emirov5@gmail.com
2025-05-03 21:09:00,797 - project_apps.notifications.tasks - INFO - endirim kodu gonderildi:musfiq.emirov5@gmail.com,kod:79ee2b20-d179-4f30-9c63-a93c8e728abd
2025-05-03 21:47:51,153 - project_apps.notifications.tasks - INFO - musfiq.emijrov5@gmail.com => Total spent: 0, Points: 0, Last notified: 82
2025-05-03 21:47:51,182 - project_apps.notifications.tasks - INFO - musfiq.emirov5@gmail.com => Total spent: 0, Points: 0, Last notified: 0
2025-05-03 21:53:18,265 - project_apps.notifications.tasks - INFO - musfiq.emijrov5@gmail.com => Total spent: 51.00, Points: 5, Last notified: 5
2025-05-03 21:53:18,275 - project_apps.notifications.tasks - INFO - musfiq.emirov5@gmail.com => Total spent: 0, Points: 0, Last notified: 0
2025-05-03 21:59:08,897 - project_apps.notifications.tasks - INFO - Kofe bonusu maila gonderildi: musfiq.emijrov5@gmail.com
2025-05-03 21:59:46,515 - project_apps.notifications.tasks - INFO - Kofe bonusu maila gonderildi: musfiq.emijrov5@gmail.com
2025-05-03 22:00:00,608 - project_apps.notifications.tasks - INFO - musfiq.emijrov5@gmail.com => Total spent: 51.00, Points: 5, Last notified: 5
2025-05-03 22:00:00,617 - project_apps.notifications.tasks - INFO - musfiq.emirov5@gmail.com => Total spent: 0, Points: 0, Last notified: 0
2025-05-03 22:02:18,301 - project_apps.notifications.tasks - INFO - musfiq.emijrov5@gmail.com => Total spent: 51.00, Points: 5, Last notified: 5
2025-05-03 22:02:18,307 - project_apps.notifications.tasks - INFO - musfiq.emirov5@gmail.com => Total spent: 0, Points: 0, Last notified: 0
2025-05-03 22:20:33,227 - project_apps.notifications.tasks - INFO - endirim kodu gonderildi:musfiq.emirov5@gmail.com,kod:f5a4a346-e5b3-4174-8026-f926a3d2da26
2025-05-03 23:00:00,366 - project_apps.notifications.tasks - INFO - musfiq.emijrov5@gmail.com => Total spent: 0, Points: 0, Last notified: 0
2025-05-03 23:00:00,373 - project_apps.notifications.tasks - INFO - musfiq.emirov5@gmail.com => Total spent: 54.00, Points: 5, Last notified: 0
2025-05-03 23:00:00,458 - project_apps.notifications.tasks - INFO - Kofe bonusu gonderildi: musfiq.emirov5@gmail.com, xal: 5
2025-05-03 23:00:03,674 - project_apps.notifications.tasks - INFO - Kofe bonusu maila gonderildi: musfiq.emirov5@gmail.com
2025-05-04 00:00:00,444 - project_apps.notifications.tasks - INFO - musfiq.emijrov5@gmail.com => Total spent: 0, Points: 0, Last notified: 0
2025-05-04 00:00:00,456 - project_apps.notifications.tasks - INFO - musfiq.emirov5@gmail.com => Total spent: 54.00, Points: 5, Last notified: 5
2025-05-04 01:02:41,999 - project_apps.notifications.tasks - INFO - musfiq.emijrov5@gmail.com => Total spent: 0, Points: 0, Last notified: 0
2025-05-04 01:02:42,010 - project_apps.notifications.tasks - INFO - musfiq.emirov5@gmail.com => Total spent: 54.00, Points: 5, Last notified: 5
2025-05-04 01:56:04,874 - project_apps.notifications.tasks - INFO - endirim kodu gonderildi:musfiq.emirov5@gmail.com,kod:1b7ba4a8-4b28-4405-bc75-193259c4d56c
2025-05-04 02:00:00,180 - project_apps.notifications.tasks - INFO - musfiq.emijrov5@gmail.com => Total spent: 0, Points: 0, Last notified: 0
2025-05-04 02:00:00,191 - project_apps.notifications.tasks - INFO - musfiq.emirov5@gmail.com => Total spent: 0, Points: 0, Last notified: 0
2025-05-04 02:00:54,168 - project_apps.notifications.tasks - ERROR - endrim kodu gonderilmedi xeta:User matching query does not exist.
2025-05-04 14:07:34,462 - project_apps.notifications.tasks - INFO - musfiq.emijrov5@gmail.com => Total spent: 0, Points: 0, Last notified: 0
2025-05-04 14:07:34,482 - project_apps.notifications.tasks - INFO - musfiq.emirov5@gmail.com => Total spent: 0, Points: 0, Last notified: 0
2025-05-04 14:07:34,559 - project_apps.notifications.tasks - INFO - musfiq.emirdvdov5@gmail.com => Total spent: 0, Points: 0, Last notified: 0
2025-05-04 17:25:34,386 - project_apps.notifications.tasks - INFO - musfiq.emijrov5@gmail.com => Total spent: 0, Points: 0, Last notified: 0
2025-05-04 17:25:34,394 - project_apps.notifications.tasks - INFO - musfiq.emirov5@gmail.com => Total spent: 0, Points: 0, Last notified: 0
2025-05-04 17:25:34,409 - project_apps.notifications.tasks - INFO - musfiq.emirdvdov5@gmail.com => Total spent: 0, Points: 0, Last notified: 0
2025-05-04 17:45:54,025 - project_apps.notifications.tasks - INFO - endirim kodu gonderildi:musfiq.emirov5@gmail.com,kod:57c4992b-573a-4d43-ad96-a0c2cc0de553
2025-05-04 17:57:39,987 - project_apps.notifications.tasks - INFO - endirim kodu gonderildi:musfiq.emirov5@gmail.com,kod:08114e40-2c58-4c4e-ad6b-e6c10fec980e
2025-05-04 18:00:00,071 - project_apps.notifications.tasks - INFO - musfiq.emijrov5@gmail.com => Total spent: 0, Points: 0, Last notified: 0
2025-05-04 18:00:00,082 - project_apps.notifications.tasks - INFO - musfiq.emirov5@gmail.com => Total spent: 0, Points: 0, Last notified: 0
2025-05-04 18:24:20,441 - project_apps.notifications.tasks - INFO - endirim kodu gonderildi:musfiq.emirov5@gmail.com,kod:f6a8d50d-4c23-44ae-9004-c7699cb0864e
2025-05-04 19:00:00,656 - project_apps.notifications.tasks - INFO - musfiq.emijrov5@gmail.com => Total spent: 0, Points: 0, Last notified: 0
2025-05-04 19:00:00,689 - project_apps.notifications.tasks - INFO - musfiq.emirov5@gmail.com => Total spent: 0, Points: 0, Last notified: 0
2025-05-04 19:11:03,720 - project_apps.notifications.tasks - INFO - endirim kodu gonderildi:musfiq.emirov5@gmail.com,kod:437172bb-4c13-41b9-8228-61038f8609c7
2025-05-04 20:13:17,281 - project_apps.notifications.tasks - INFO - Admin kodu maile gonderildi: admin@example.com, kod: 5e88fa65-148c-49ba-a968-542390a9d084
2025-05-04 21:22:07,907 - project_apps.notifications.tasks - INFO - endirim kodu gonderildi:musfikwjen.emirov@gmail.com,kod:9133e964-99fc-46c9-a385-76305913517e
2025-05-04 21:27:19,456 - project_apps.notifications.tasks - INFO - endirim kodu gonderildi:ebilebilli3@gmail.com,kod:13e5cf8b-4cb7-498f-813a-32789398767e
2025-05-04 21:28:32,026 - project_apps.notifications.tasks - INFO - Admin kodu maile gonderildi: musfiq.emirov5@gmail.com, kod: 646f6ea3-a2ac-435e-97a4-684bcc5d158b
2025-05-04 22:10:39,505 - project_apps.notifications.tasks - ERROR - Mesaj gonderilmedi, Mesaj ID: 1, Xəta: Message matching query does not exist.
Traceback (most recent call last):
  File "/app/restora_project/project_apps/notifications/tasks.py", line 142, in send_message_notification_email
    message = Message.objects.get(id=message_id, is_deleted=False)
              ^^^^^^^^^^^^^^^^^^^^^^^^^^^^^^^^^^^^^^^^^^^^^^^^^^^^
  File "/usr/local/lib/python3.12/site-packages/django/db/models/manager.py", line 87, in manager_method
    return getattr(self.get_queryset(), name)(*args, **kwargs)
           ^^^^^^^^^^^^^^^^^^^^^^^^^^^^^^^^^^^^^^^^^^^^^^^^^^^
  File "/usr/local/lib/python3.12/site-packages/django/db/models/query.py", line 649, in get
    raise self.model.DoesNotExist(
project_apps.notifications.models.Message.DoesNotExist: Message matching query does not exist.
2025-05-04 22:15:17,260 - project_apps.notifications.tasks - INFO - endirim kodu gonderildi:b@b.com,kod:ab02ddfd-5212-4878-b189-edafbaff076b
2025-05-04 22:15:17,510 - project_apps.notifications.tasks - INFO - endirim kodu gonderildi:a@a.com,kod:7d5ade56-a1a2-4c8f-beed-48a85d638bd1
2025-05-04 22:15:24,118 - project_apps.notifications.tasks - INFO - Mesaj bildirisi gonderildi: a@a.com -> b@b.com, Mesaj ID: 4
2025-05-04 22:15:37,420 - project_apps.notifications.tasks - INFO - Mesaj bildirisi gonderildi: a@a.com -> b@b.com, Mesaj ID: 5
2025-05-04 22:15:54,205 - project_apps.notifications.tasks - INFO - Mesaj bildirisi gonderildi: a@a.com -> b@b.com, Mesaj ID: 5
2025-05-04 22:19:06,163 - project_apps.notifications.tasks - INFO - Mesaj bildirisi gonderildi: ebilebilli3@gmail.com -> musfiq.emirov5@gmail.com, Mesaj ID: 6
