2025-05-03 00:23:41,074 - project_apps.orders.signals - INFO - Xallar elave olundu: musfiq.emirov5@gmail.com, xal: 3
2025-05-03 00:23:41,081 - project_apps.orders.signals - INFO - Yeni sifaris yaradildi: #1, musteri: musfiq.emirov5@gmail.com
2025-05-03 00:24:01,458 - project_apps.orders.signals - INFO - Xallar elave olundu: musfiq.emirov5@gmail.com, xal: 2
2025-05-03 00:24:01,459 - project_apps.orders.signals - INFO - Yeni sifaris yaradildi: #2, musteri: musfiq.emirov5@gmail.com
2025-05-03 02:14:11,987 - project_apps.orders.signals - INFO - Yeni sifaris yaradildi: #3, musteri: admikdb@gmail.com
2025-05-03 03:02:37,212 - project_apps.orders.signals - INFO - Xallar elave olundu: admikdb@gmail.com, xal: 3546
2025-05-03 03:02:37,213 - project_apps.orders.signals - INFO - Yeni sifaris yaradildi: #5, musteri: admikdb@gmail.com
2025-05-03 20:03:22,404 - project_apps.orders.signals - INFO - Xallar elave olundu: musfiq.emirov5@gmail.com, xal: 65
2025-05-03 20:03:22,405 - project_apps.orders.signals - INFO - Yeni sifaris yaradildi: #1, musteri: musfiq.emirov5@gmail.com
2025-05-03 20:07:58,554 - project_apps.orders.signals - INFO - Xallar elave olundu: musfiq.emirov5@gmail.com, xal: 2
2025-05-03 20:07:58,555 - project_apps.orders.signals - INFO - Yeni sifaris yaradildi: #2, musteri: musfiq.emirov5@gmail.com
2025-05-03 20:31:16,518 - project_apps.orders.signals - INFO - Xallar elave olundu: musfiq.emirov5@gmail.com, xal: 4
2025-05-03 20:31:16,521 - project_apps.orders.signals - INFO - Yeni sifaris yaradildi: #3, musteri: musfiq.emirov5@gmail.com
2025-05-03 20:47:55,735 - project_apps.orders.signals - INFO - Xallar elave olundu: musfiq.emirov5@gmail.com, xal: 10
2025-05-03 20:47:55,743 - project_apps.orders.signals - INFO - Yeni sifaris yaradildi: #4, musteri: musfiq.emirov5@gmail.com
2025-05-03 20:54:45,017 - project_apps.orders.signals - INFO - Yeni sifaris yaradildi: #5, musteri: musfiq.emirov5@gmail.com
2025-05-03 21:06:57,669 - project_apps.orders.signals - INFO - Xallar elave olundu: musfiq.emirov5@gmail.com, xal: 5
2025-05-03 21:06:57,672 - project_apps.orders.signals - INFO - Yeni sifaris yaradildi: #6, musteri: musfiq.emirov5@gmail.com
2025-05-03 21:16:05,783 - project_apps.orders.signals - INFO - Xallar elave olundu: musfiq.emijrov5@gmail.com, xal: 5
2025-05-03 21:16:05,787 - project_apps.orders.signals - INFO - Yeni sifaris yaradildi: #7, musteri: musfiq.emijrov5@gmail.com
2025-05-03 21:19:15,897 - project_apps.orders.signals - INFO - Xallar elave olundu: musfiq.emijrov5@gmail.com, xal: 55
2025-05-03 21:19:15,900 - project_apps.orders.signals - INFO - Yeni sifaris yaradildi: #8, musteri: musfiq.emijrov5@gmail.com
2025-05-03 21:24:41,210 - project_apps.orders.signals - INFO - Yeni sifaris yaradildi: #9, musteri: musfiq.emijrov5@gmail.com
2025-05-03 21:25:31,146 - project_apps.orders.signals - INFO - Xallar elave olundu: musfiq.emijrov5@gmail.com, xal: 7
2025-05-03 21:25:31,148 - project_apps.orders.signals - INFO - Yeni sifaris yaradildi: #10, musteri: musfiq.emijrov5@gmail.com
2025-05-03 21:25:56,436 - project_apps.orders.signals - INFO - Yeni sifaris yaradildi: #11, musteri: musfiq.emijrov5@gmail.com
2025-05-03 21:51:02,009 - project_apps.orders.signals - INFO - Xallar elave olundu: musfiq.emijrov5@gmail.com, xal: 5
2025-05-03 21:51:02,010 - project_apps.orders.signals - INFO - Yeni sifaris yaradildi: #12, musteri: musfiq.emijrov5@gmail.com
2025-05-03 22:21:05,533 - project_apps.orders.signals - INFO - Xallar elave olundu: musfiq.emirov5@gmail.com, xal: 5
2025-05-03 22:21:05,534 - project_apps.orders.signals - INFO - Yeni sifaris yaradildi: #13, musteri: musfiq.emirov5@gmail.com
2025-05-05 04:32:54,933 - project_apps.orders.signals - INFO - Xallar elave olundu: ebilebilli3@gmail.com, xal: 68
2025-05-05 04:32:54,937 - project_apps.orders.signals - INFO - Yeni sifaris yaradildi: #1, musteri: ebilebilli3@gmail.com
2025-05-05 04:34:02,759 - project_apps.orders.signals - INFO - Yeni sifaris elementi: Kola, say: 46
