2025-05-01 20:56:31,701 - project_apps.notifications.signals - INFO - Endirim kodu yaradildi: musfiq.emirov@mail.ru
2025-05-01 22:57:21,212 - project_apps.notifications.signals - INFO - Admin kodu yaradildi: superadmin@example.com
2025-05-01 23:01:51,029 - project_apps.notifications.signals - INFO - Endirim kodu yaradildi: musfiq.emirov5@gmail.com
2025-05-01 23:04:57,208 - project_apps.notifications.signals - INFO - Yeni bildiris yaradildi: superadmin@example.com, basliq: Admin kodunuz
2025-05-01 23:04:57,216 - project_apps.notifications.signals - INFO - Yeni bildiris yaradildi: musfiq.emirov5@gmail.com, basliq: Tebrikler siz artiq hesab acdiniz
2025-05-01 23:12:59,648 - project_apps.notifications.signals - INFO - Endirim kodu yaradildi: ebilebilli3@gmail.com
2025-05-01 23:12:59,846 - project_apps.notifications.signals - INFO - Yeni bildiris yaradildi: ebilebilli3@gmail.com, basliq: Tebrikler siz artiq hesab acdiniz
2025-05-01 23:15:19,912 - project_apps.notifications.signals - INFO - Endirim kodu yaradildi: musfiq.emirov5@gmail.com
2025-05-01 23:15:19,953 - project_apps.notifications.signals - INFO - Yeni bildiris yaradildi: musfiq.emirov5@gmail.com, basliq: Tebrikler siz artiq hesab acdiniz
2025-05-01 23:38:31,678 - project_apps.notifications.signals - INFO - Admin kodu yaradildi: musfiq.emirov5@gmail.com
2025-05-01 23:38:31,681 - project_apps.notifications.signals - INFO - Admin kodu gonderildi: musfiq.emirov5@gmail.com, kod: e433633d-9ae5-40fc-a69c-444a89aaab9a
2025-05-01 23:38:31,822 - project_apps.notifications.signals - INFO - Yeni bildiris yaradildi: musfiq.emirov5@gmail.com, basliq: Admin kodunuz
2025-05-01 23:49:11,051 - project_apps.notifications.signals - INFO - Endirim kodu yaradildi: musfiwkjb@gmail.com
2025-05-01 23:49:11,231 - project_apps.notifications.signals - INFO - Yeni bildiris yaradildi: musfiwkjb@gmail.com, basliq: Tebrikler siz artiq hesab acdiniz
2025-05-01 23:51:32,864 - project_apps.notifications.signals - INFO - Admin kodu yaradildi: musfiq.emirov5@gmail.com
2025-05-01 23:51:32,867 - project_apps.notifications.signals - INFO - Admin kodu gonderildi: musfiq.emirov5@gmail.com, kod: 22708134-f2b6-4ff5-8a7d-a7e96bbeb84a
2025-05-01 23:51:32,900 - project_apps.notifications.signals - INFO - Yeni bildiris yaradildi: musfiq.emirov5@gmail.com, basliq: Admin kodunuz
2025-05-01 23:59:36,298 - project_apps.notifications.signals - INFO - Admin kodu yaradildi: musfiq.emirov5@gmail.com
2025-05-01 23:59:36,300 - project_apps.notifications.signals - INFO - Admin kodu gonderildi: musfiq.emirov5@gmail.com, kod: ca1e8776-847b-4dd9-b9c4-ff68a43daafc
2025-05-01 23:59:36,468 - project_apps.notifications.signals - INFO - Yeni bildiris yaradildi: musfiq.emirov5@gmail.com, basliq: Admin kodunuz
2025-05-02 00:17:00,130 - project_apps.notifications.signals - INFO - Endirim kodu yaradildi: musfiq.emirov5@gmail.com
2025-05-02 00:17:00,363 - project_apps.notifications.signals - INFO - Yeni bildiris yaradildi: musfiq.emirov5@gmail.com, basliq: Tebrikler siz artiq hesab acdiniz
2025-05-02 00:18:47,533 - project_apps.notifications.signals - INFO - Admin kodu yaradildi: musfiq.emirov5@gmail.com
2025-05-02 00:18:47,535 - project_apps.notifications.signals - INFO - Admin kodu gonderildi: musfiq.emirov5@gmail.com, kod: 40e42211-6dd1-4cbe-b12c-051cfc5b1a27
2025-05-02 00:18:47,620 - project_apps.notifications.signals - INFO - Yeni bildiris yaradildi: musfiq.emirov5@gmail.com, basliq: Admin kodunuz
2025-05-02 00:54:07,181 - project_apps.notifications.signals - INFO - Admin kodu yaradildi: musfiq.emirov5@gmail.com
2025-05-02 00:54:07,186 - project_apps.notifications.signals - INFO - Admin kodu gonderildi: musfiq.emirov5@gmail.com, kod: 8b530d56-8f90-4447-b956-c8eec6a07e8b
2025-05-02 00:54:07,342 - project_apps.notifications.signals - INFO - Yeni bildiris yaradildi: musfiq.emirov5@gmail.com, basliq: Admin kodunuz
2025-05-02 01:49:14,808 - project_apps.notifications.signals - INFO - Endirim kodu yaradildi: musfiq.emirov5@gmail.com
2025-05-02 01:49:15,369 - project_apps.notifications.signals - INFO - Yeni bildiris yaradildi: musfiq.emirov5@gmail.com, basliq: Tebrikler siz artiq hesab acdiniz
2025-05-02 01:51:03,256 - project_apps.notifications.signals - INFO - Admin kodu yaradildi: musfiq.emirov5@gmail.com
2025-05-02 01:51:03,257 - project_apps.notifications.signals - INFO - Admin kodu gonderildi: musfiq.emirov5@gmail.com, kod: f78d1054-f7c8-445e-811a-c06e4c8cd1ef
2025-05-02 01:51:03,312 - project_apps.notifications.signals - INFO - Yeni bildiris yaradildi: musfiq.emirov5@gmail.com, basliq: Admin kodunuz
2025-05-03 00:56:01,491 - project_apps.notifications.signals - INFO - Yeni bildiris yaradildi: musfiq.emirov5@gmail.com, basliq: Təbrikler! Kofe qazandiniz!
2025-05-03 01:02:04,192 - project_apps.notifications.signals - INFO - Endirim kodu yaradildi: musfiq.emirov5@gmail.com
2025-05-03 01:02:04,230 - project_apps.notifications.signals - INFO - Yeni bildiris yaradildi: musfiq.emirov5@gmail.com, basliq: Tebrikler siz artiq hesab acdiniz
2025-05-03 01:06:02,943 - project_apps.notifications.signals - INFO - Admin kodu yaradildi: musfiq.emirov5@gmail.com
2025-05-03 01:06:02,944 - project_apps.notifications.signals - INFO - Admin kodu gonderildi: musfiq.emirov5@gmail.com, kod: dc88a780-d757-4e42-b40c-a09d3e3c9b0e
2025-05-03 01:06:02,978 - project_apps.notifications.signals - INFO - Yeni bildiris yaradildi: musfiq.emirov5@gmail.com, basliq: Admin kodunuz
2025-05-03 01:12:21,429 - project_apps.notifications.signals - INFO - Endirim kodu yaradildi: musfiq.emirov5@gmail.com
2025-05-03 01:12:21,792 - project_apps.notifications.signals - INFO - Yeni bildiris yaradildi: musfiq.emirov5@gmail.com, basliq: Tebrikler siz artiq hesab acdiniz
2025-05-03 01:16:07,761 - project_apps.notifications.signals - INFO - Endirim kodu yaradildi: musfiq.emirov5@gmail.com
2025-05-03 01:16:07,796 - project_apps.notifications.signals - INFO - Yeni bildiris yaradildi: musfiq.emirov5@gmail.com, basliq: Tebrikler siz artiq hesab acdiniz
2025-05-03 01:59:40,169 - project_apps.notifications.signals - INFO - Endirim kodu yaradildi: admikdb@gmail.com
2025-05-03 02:03:38,252 - project_apps.notifications.signals - INFO - Endirim kodu yaradildi: musfiq.emirov5@gmail.com
2025-05-03 02:07:06,617 - project_apps.notifications.signals - INFO - Admin kodu yaradildi: dakaldakali92@gmail.com
2025-05-03 02:07:06,619 - project_apps.notifications.signals - INFO - Admin kodu gonderildi: dakaldakali92@gmail.com, kod: 97e81487-f2a1-4781-89bd-2b1660e8e7ea
2025-05-03 02:15:59,206 - project_apps.notifications.signals - INFO - Endirim kodu yaradildi: musfiq.emirov5@gmail.com
2025-05-03 02:58:01,809 - project_apps.notifications.signals - INFO - Endirim kodu yaradildi: musfiq.emirov5@gmail.com
2025-05-03 02:58:01,850 - project_apps.notifications.signals - INFO - Yeni bildiris yaradildi: musfiq.emirov5@gmail.com, basliq: Tebrikler siz artiq hesab acdiniz
2025-05-03 02:59:21,551 - project_apps.notifications.signals - INFO - Admin kodu yaradildi: musfiq.emirov5@gmail.com
2025-05-03 02:59:21,551 - project_apps.notifications.signals - INFO - Admin kodu gonderildi: musfiq.emirov5@gmail.com, kod: 2f386fa7-1072-45c2-adc2-595c08dd63a6
2025-05-03 18:16:01,040 - project_apps.notifications.signals - INFO - Yeni bildiris yaradildi: admikdb@gmail.com, basliq: Təbrikler! Kofe qazandiniz!
2025-05-03 18:27:17,954 - project_apps.notifications.signals - INFO - Endirim kodu yaradildi: musfiq.emirov5@gmail.com
2025-05-03 18:27:18,005 - project_apps.notifications.signals - INFO - Yeni bildiris yaradildi: musfiq.emirov5@gmail.com, basliq: Tebrikler siz artiq hesab acdiniz
2025-05-03 18:29:17,838 - project_apps.notifications.signals - INFO - Yeni bildiris yaradildi: musfiq.emirov5@gmail.com, basliq: Təbrikler! Kofe qazandiniz!
2025-05-03 20:02:24,302 - project_apps.notifications.signals - INFO - Endirim kodu yaradildi: musfiq.emirov5@gmail.com
2025-05-03 20:02:25,230 - project_apps.notifications.signals - INFO - Yeni bildiris yaradildi: musfiq.emirov5@gmail.com, basliq: Tebrikler siz artiq hesab acdiniz
2025-05-03 20:05:08,561 - project_apps.notifications.signals - INFO - Admin kodu yaradildi: musfiq.emirov5@gmail.com
2025-05-03 20:05:08,562 - project_apps.notifications.signals - INFO - Admin kodu gonderildi: musfiq.emirov5@gmail.com, kod: 1d28b0f1-196b-40e9-aae8-3101007ebc78
2025-05-03 20:05:08,605 - project_apps.notifications.signals - INFO - Yeni bildiris yaradildi: musfiq.emirov5@gmail.com, basliq: Admin kodunuz
2025-05-03 20:09:24,599 - project_apps.notifications.signals - INFO - Yeni bildiris yaradildi: musfiq.emirov5@gmail.com, basliq: Təbrikler! Kofe qazandiniz!
2025-05-03 20:52:29,242 - project_apps.notifications.signals - INFO - Yeni bildiris yaradildi: musfiq.emirov5@gmail.com, basliq: Təbrikler! Kofe qazandiniz!
2025-05-03 21:08:57,655 - project_apps.notifications.signals - INFO - Endirim kodu yaradildi: musfiq.emirov5@gmail.com
2025-05-03 21:08:58,108 - project_apps.notifications.signals - INFO - Yeni bildiris yaradildi: musfiq.emirov5@gmail.com, basliq: Tebrikler siz artiq hesab acdiniz
2025-05-03 21:59:03,782 - project_apps.notifications.signals - INFO - Yeni bildiris yaradildi: musfiq.emijrov5@gmail.com, basliq: Təbrikler! Kofe qazandiniz!
2025-05-03 21:59:44,799 - project_apps.notifications.signals - INFO - Yeni bildiris yaradildi: musfiq.emijrov5@gmail.com, basliq: Təbrikler! Kofe qazandiniz!
2025-05-03 22:20:30,271 - project_apps.notifications.signals - INFO - Endirim kodu yaradildi: musfiq.emirov5@gmail.com
2025-05-03 22:20:30,535 - project_apps.notifications.signals - INFO - Yeni bildiris yaradildi: musfiq.emirov5@gmail.com, basliq: Tebrikler siz artiq hesab acdiniz
2025-05-03 23:00:00,710 - project_apps.notifications.signals - INFO - Yeni bildiris yaradildi: musfiq.emirov5@gmail.com, basliq: Təbrikler! Kofe qazandiniz!
2025-05-04 01:55:59,506 - project_apps.notifications.signals - INFO - Endirim kodu yaradildi: musfiq.emirov5@gmail.com
2025-05-04 01:55:59,633 - project_apps.notifications.signals - INFO - Yeni bildiris yaradildi: musfiq.emirov5@gmail.com, basliq: Tebrikler siz artiq hesab acdiniz
2025-05-04 02:00:54,144 - project_apps.notifications.signals - INFO - Endirim kodu yaradildi: musfiq.emirdvdov5@gmail.com
